<?xml version="1.0" encoding="UTF-8"?>
<testsuite xmlns:xsi="http://www.w3.org/2001/XMLSchema-instance" xsi:noNamespaceSchemaLocation="https://maven.apache.org/surefire/maven-surefire-plugin/xsd/surefire-test-report-3.0.xsd" version="3.0" name="cucumber.options.TestRunner" time="18.587" tests="2" errors="0" skipped="0" failures="0">
  <properties>
    <property name="sun.desktop" value="windows"/>
    <property name="awt.toolkit" value="sun.awt.windows.WToolkit"/>
    <property name="java.specification.version" value="11"/>
    <property name="sun.cpu.isalist" value="amd64"/>
    <property name="sun.jnu.encoding" value="Cp1252"/>
    <property name="java.class.path" value="D:\Software\Workspace\APIFramework\target\test-classes;D:\Software\Workspace\APIFramework\target\classes;C:\Users\TEMP\.m2\repository\io\rest-assured\rest-assured\5.4.0\rest-assured-5.4.0.jar;C:\Users\TEMP\.m2\repository\org\apache\groovy\groovy\4.0.16\groovy-4.0.16.jar;C:\Users\TEMP\.m2\repository\org\apache\groovy\groovy-xml\4.0.16\groovy-xml-4.0.16.jar;C:\Users\TEMP\.m2\repository\org\apache\httpcomponents\httpclient\4.5.13\httpclient-4.5.13.jar;C:\Users\TEMP\.m2\repository\org\apache\httpcomponents\httpcore\4.4.13\httpcore-4.4.13.jar;C:\Users\TEMP\.m2\repository\commons-logging\commons-logging\1.2\commons-logging-1.2.jar;C:\Users\TEMP\.m2\repository\commons-codec\commons-codec\1.11\commons-codec-1.11.jar;C:\Users\TEMP\.m2\repository\org\apache\httpcomponents\httpmime\4.5.13\httpmime-4.5.13.jar;C:\Users\TEMP\.m2\repository\org\hamcrest\hamcrest\2.2\hamcrest-2.2.jar;C:\Users\TEMP\.m2\repository\org\ccil\cowan\tagsoup\tagsoup\1.2.1\tagsoup-1.2.1.jar;C:\Users\TEMP\.m2\repository\io\rest-assured\json-path\5.4.0\json-path-5.4.0.jar;C:\Users\TEMP\.m2\repository\org\apache\groovy\groovy-json\4.0.16\groovy-json-4.0.16.jar;C:\Users\TEMP\.m2\repository\io\rest-assured\rest-assured-common\5.4.0\rest-assured-common-5.4.0.jar;C:\Users\TEMP\.m2\repository\io\rest-assured\xml-path\5.4.0\xml-path-5.4.0.jar;C:\Users\TEMP\.m2\repository\org\apache\commons\commons-lang3\3.11\commons-lang3-3.11.jar;C:\Users\TEMP\.m2\repository\io\cucumber\cucumber-java\7.16.1\cucumber-java-7.16.1.jar;C:\Users\TEMP\.m2\repository\io\cucumber\cucumber-core\7.16.1\cucumber-core-7.16.1.jar;C:\Users\TEMP\.m2\repository\io\cucumber\cucumber-gherkin\7.16.1\cucumber-gherkin-7.16.1.jar;C:\Users\TEMP\.m2\repository\io\cucumber\cucumber-gherkin-messages\7.16.1\cucumber-gherkin-messages-7.16.1.jar;C:\Users\TEMP\.m2\repository\io\cucumber\gherkin\28.0.0\gherkin-28.0.0.jar;C:\Users\TEMP\.m2\repository\io\cucumber\messages\24.1.0\messages-24.1.0.jar;C:\Users\TEMP\.m2\repository\io\cucumber\tag-expressions\6.1.0\tag-expressions-6.1.0.jar;C:\Users\TEMP\.m2\repository\io\cucumber\cucumber-expressions\17.1.0\cucumber-expressions-17.1.0.jar;C:\Users\TEMP\.m2\repository\io\cucumber\datatable\7.16.1\datatable-7.16.1.jar;C:\Users\TEMP\.m2\repository\io\cucumber\cucumber-plugin\7.16.1\cucumber-plugin-7.16.1.jar;C:\Users\TEMP\.m2\repository\io\cucumber\docstring\7.16.1\docstring-7.16.1.jar;C:\Users\TEMP\.m2\repository\io\cucumber\html-formatter\21.3.0\html-formatter-21.3.0.jar;C:\Users\TEMP\.m2\repository\io\cucumber\junit-xml-formatter\0.3.0\junit-xml-formatter-0.3.0.jar;C:\Users\TEMP\.m2\repository\io\cucumber\ci-environment\10.0.1\ci-environment-10.0.1.jar;C:\Users\TEMP\.m2\repository\org\apiguardian\apiguardian-api\1.1.2\apiguardian-api-1.1.2.jar;C:\Users\TEMP\.m2\repository\junit\junit\4.11\junit-4.11.jar;C:\Users\TEMP\.m2\repository\org\hamcrest\hamcrest-core\1.3\hamcrest-core-1.3.jar;C:\Users\TEMP\.m2\repository\io\cucumber\cucumber-junit\7.16.1\cucumber-junit-7.16.1.jar;C:\Users\TEMP\.m2\repository\com\fasterxml\jackson\core\jackson-databind\2.17.0\jackson-databind-2.17.0.jar;C:\Users\TEMP\.m2\repository\com\fasterxml\jackson\core\jackson-annotations\2.17.0\jackson-annotations-2.17.0.jar;C:\Users\TEMP\.m2\repository\com\fasterxml\jackson\core\jackson-core\2.17.0\jackson-core-2.17.0.jar;C:\Users\TEMP\.m2\repository\net\bytebuddy\byte-buddy\1.14.9\byte-buddy-1.14.9.jar;C:\Users\TEMP\.m2\repository\org\codehaus\groovy\groovy\3.0.21\groovy-3.0.21.jar;"/>
    <property name="java.vm.vendor" value="Oracle Corporation"/>
    <property name="sun.arch.data.model" value="64"/>
    <property name="user.variant" value=""/>
    <property name="java.vendor.url" value="https://openjdk.java.net/"/>
    <property name="user.timezone" value="Asia/Calcutta"/>
    <property name="java.vm.specification.version" value="11"/>
    <property name="os.name" value="Windows 10"/>
    <property name="sun.java.launcher" value="SUN_STANDARD"/>
    <property name="user.country" value="IN"/>
    <property name="sun.boot.library.path" value="C:\Program Files\Java\jdk-11\bin"/>
    <property name="sun.java.command" value="C:\Users\TEMP\AppData\Local\Temp\surefire7473322451715959165\surefirebooter-20240930175529428_3.jar C:\Users\TEMP\AppData\Local\Temp\surefire7473322451715959165 2024-09-30T17-55-21_161-jvmRun1 surefire-20240930175529428_1tmp surefire_0-20240930175529428_2tmp"/>
    <property name="jdk.debug" value="release"/>
    <property name="surefire.test.class.path" value="D:\Software\Workspace\APIFramework\target\test-classes;D:\Software\Workspace\APIFramework\target\classes;C:\Users\TEMP\.m2\repository\io\rest-assured\rest-assured\5.4.0\rest-assured-5.4.0.jar;C:\Users\TEMP\.m2\repository\org\apache\groovy\groovy\4.0.16\groovy-4.0.16.jar;C:\Users\TEMP\.m2\repository\org\apache\groovy\groovy-xml\4.0.16\groovy-xml-4.0.16.jar;C:\Users\TEMP\.m2\repository\org\apache\httpcomponents\httpclient\4.5.13\httpclient-4.5.13.jar;C:\Users\TEMP\.m2\repository\org\apache\httpcomponents\httpcore\4.4.13\httpcore-4.4.13.jar;C:\Users\TEMP\.m2\repository\commons-logging\commons-logging\1.2\commons-logging-1.2.jar;C:\Users\TEMP\.m2\repository\commons-codec\commons-codec\1.11\commons-codec-1.11.jar;C:\Users\TEMP\.m2\repository\org\apache\httpcomponents\httpmime\4.5.13\httpmime-4.5.13.jar;C:\Users\TEMP\.m2\repository\org\hamcrest\hamcrest\2.2\hamcrest-2.2.jar;C:\Users\TEMP\.m2\repository\org\ccil\cowan\tagsoup\tagsoup\1.2.1\tagsoup-1.2.1.jar;C:\Users\TEMP\.m2\repository\io\rest-assured\json-path\5.4.0\json-path-5.4.0.jar;C:\Users\TEMP\.m2\repository\org\apache\groovy\groovy-json\4.0.16\groovy-json-4.0.16.jar;C:\Users\TEMP\.m2\repository\io\rest-assured\rest-assured-common\5.4.0\rest-assured-common-5.4.0.jar;C:\Users\TEMP\.m2\repository\io\rest-assured\xml-path\5.4.0\xml-path-5.4.0.jar;C:\Users\TEMP\.m2\repository\org\apache\commons\commons-lang3\3.11\commons-lang3-3.11.jar;C:\Users\TEMP\.m2\repository\io\cucumber\cucumber-java\7.16.1\cucumber-java-7.16.1.jar;C:\Users\TEMP\.m2\repository\io\cucumber\cucumber-core\7.16.1\cucumber-core-7.16.1.jar;C:\Users\TEMP\.m2\repository\io\cucumber\cucumber-gherkin\7.16.1\cucumber-gherkin-7.16.1.jar;C:\Users\TEMP\.m2\repository\io\cucumber\cucumber-gherkin-messages\7.16.1\cucumber-gherkin-messages-7.16.1.jar;C:\Users\TEMP\.m2\repository\io\cucumber\gherkin\28.0.0\gherkin-28.0.0.jar;C:\Users\TEMP\.m2\repository\io\cucumber\messages\24.1.0\messages-24.1.0.jar;C:\Users\TEMP\.m2\repository\io\cucumber\tag-expressions\6.1.0\tag-expressions-6.1.0.jar;C:\Users\TEMP\.m2\repository\io\cucumber\cucumber-expressions\17.1.0\cucumber-expressions-17.1.0.jar;C:\Users\TEMP\.m2\repository\io\cucumber\datatable\7.16.1\datatable-7.16.1.jar;C:\Users\TEMP\.m2\repository\io\cucumber\cucumber-plugin\7.16.1\cucumber-plugin-7.16.1.jar;C:\Users\TEMP\.m2\repository\io\cucumber\docstring\7.16.1\docstring-7.16.1.jar;C:\Users\TEMP\.m2\repository\io\cucumber\html-formatter\21.3.0\html-formatter-21.3.0.jar;C:\Users\TEMP\.m2\repository\io\cucumber\junit-xml-formatter\0.3.0\junit-xml-formatter-0.3.0.jar;C:\Users\TEMP\.m2\repository\io\cucumber\ci-environment\10.0.1\ci-environment-10.0.1.jar;C:\Users\TEMP\.m2\repository\org\apiguardian\apiguardian-api\1.1.2\apiguardian-api-1.1.2.jar;C:\Users\TEMP\.m2\repository\junit\junit\4.11\junit-4.11.jar;C:\Users\TEMP\.m2\repository\org\hamcrest\hamcrest-core\1.3\hamcrest-core-1.3.jar;C:\Users\TEMP\.m2\repository\io\cucumber\cucumber-junit\7.16.1\cucumber-junit-7.16.1.jar;C:\Users\TEMP\.m2\repository\com\fasterxml\jackson\core\jackson-databind\2.17.0\jackson-databind-2.17.0.jar;C:\Users\TEMP\.m2\repository\com\fasterxml\jackson\core\jackson-annotations\2.17.0\jackson-annotations-2.17.0.jar;C:\Users\TEMP\.m2\repository\com\fasterxml\jackson\core\jackson-core\2.17.0\jackson-core-2.17.0.jar;C:\Users\TEMP\.m2\repository\net\bytebuddy\byte-buddy\1.14.9\byte-buddy-1.14.9.jar;C:\Users\TEMP\.m2\repository\org\codehaus\groovy\groovy\3.0.21\groovy-3.0.21.jar;"/>
    <property name="sun.cpu.endian" value="little"/>
    <property name="user.home" value="C:\Users\TEMP"/>
    <property name="user.language" value="en"/>
    <property name="java.specification.vendor" value="Oracle Corporation"/>
    <property name="java.version.date" value="2023-10-17"/>
    <property name="java.home" value="C:\Program Files\Java\jdk-11"/>
    <property name="file.separator" value="\"/>
    <property name="basedir" value="D:\Software\Workspace\APIFramework"/>
    <property name="java.vm.compressedOopsMode" value="Zero based"/>
    <property name="line.separator" value="&#10;"/>
    <property name="java.specification.name" value="Java Platform API Specification"/>
    <property name="java.vm.specification.vendor" value="Oracle Corporation"/>
    <property name="java.awt.graphicsenv" value="sun.awt.Win32GraphicsEnvironment"/>
    <property name="surefire.real.class.path" value="C:\Users\TEMP\AppData\Local\Temp\surefire7473322451715959165\surefirebooter-20240930175529428_3.jar"/>
    <property name="user.script" value=""/>
    <property name="sun.management.compiler" value="HotSpot 64-Bit Tiered Compilers"/>
    <property name="java.runtime.version" value="11.0.21+9-LTS-193"/>
    <property name="user.name" value="vikas.rajule"/>
    <property name="path.separator" value=";"/>
    <property name="os.version" value="10.0"/>
    <property name="java.runtime.name" value="Java(TM) SE Runtime Environment"/>
    <property name="file.encoding" value="Cp1252"/>
    <property name="java.vm.name" value="Java HotSpot(TM) 64-Bit Server VM"/>
    <property name="java.vendor.version" value="18.9"/>
    <property name="localRepository" value="C:\Users\TEMP\.m2\repository"/>
    <property name="cucumber.options" value="--tags @DeletePlace"/>
    <property name="java.vendor.url.bug" value="https://bugreport.java.com/bugreport/"/>
    <property name="java.io.tmpdir" value="C:\Users\TEMP\AppData\Local\Temp\"/>
    <property name="java.version" value="11.0.21"/>
    <property name="user.dir" value="D:\Software\Workspace\APIFramework"/>
    <property name="os.arch" value="amd64"/>
    <property name="java.vm.specification.name" value="Java Virtual Machine Specification"/>
    <property name="java.awt.printerjob" value="sun.awt.windows.WPrinterJob"/>
    <property name="sun.os.patch.level" value=""/>
    <property name="java.library.path" value="C:\Program Files\Java\jdk-11\bin;C:\WINDOWS\Sun\Java\bin;C:\WINDOWS\system32;C:\WINDOWS;C:\Program Files\Common Files\Oracle\Java\javapath;C:\WINDOWS\system32;C:\WINDOWS;C:\WINDOWS\System32\Wbem;C:\WINDOWS\System32\WindowsPowerShell\v1.0\;C:\WINDOWS\System32\OpenSSH\;C:\Program Files\Microsoft SQL Server\Client SDK\ODBC\130\Tools\Binn\;C:\Program Files (x86)\Microsoft SQL Server\140\Tools\Binn\;C:\Program Files\Microsoft SQL Server\140\Tools\Binn\;C:\Program Files\Microsoft SQL Server\140\DTS\Binn\;C:\Program Files (x86)\Microsoft SQL Server\150\DTS\Binn\;C:\Program Files\Microsoft SQL Server\130\Tools\Binn\;C:\Program Files\Microsoft SQL Server\Client SDK\ODBC\170\Tools\Binn\;C:\Program Files\dotnet\;D:\Software\apache-maven-3.9.8-bin\apache-maven-3.9.8\bin;C:\Program Files\Java\jdk-11\bin;C:\Users\TEMP\AppData\Local\Microsoft\WindowsApps;;."/>
    <property name="java.vendor" value="Oracle Corporation"/>
    <property name="java.vm.info" value="mixed mode"/>
    <property name="java.vm.version" value="11.0.21+9-LTS-193"/>
    <property name="java.specification.maintenance.version" value="2"/>
    <property name="sun.io.unicode.encoding" value="UnicodeLittle"/>
    <property name="java.class.version" value="55.0"/>
  </properties>
  <testcase name="Verify if Place is being Successfully added using AddPlaceAPI" classname="Validating Place API&apos;s" time="6.932">
    <system-out><![CDATA[/maps/api/place/add/json
/maps/api/place/get/json
]]></system-out>
    <system-err><![CDATA[Sep 30, 2024 5:55:30 PM io.cucumber.core.options.CucumberPropertiesParser lambda$warnWhenCucumberOptionsIsUsed$2
WARNING: Passing commandline options via the property 'cucumber.options' is no longer supported. Please use individual properties instead. See the java doc on io.cucumber.core.options.Constants for details.
]]></system-err>
  </testcase>
  <testcase name="Verify if delete Place functionality is working" classname="Validating Place API&apos;s" time="2.421">
    <system-out><![CDATA[/maps/api/place/delete/json
]]></system-out>
  </testcase>
</testsuite>